<?xml version="1.0" encoding="UTF-8"?>
<testng-results skipped="0" failed="1" total="1" passed="0">
  <reporter-output>
  </reporter-output>
  <suite name="Default suite" duration-ms="37132" started-at="2021-08-27T06:44:00Z" finished-at="2021-08-27T06:44:37Z">
    <groups>
    </groups>
    <test name="Default test" duration-ms="37132" started-at="2021-08-27T06:44:00Z" finished-at="2021-08-27T06:44:37Z">
      <class name="vtigerTestCases.ScriptWithBaseClass">
        <test-method status="PASS" signature="launchBrowser()[pri:0, instance:vtigerTestCases.ScriptWithBaseClass@6f1fba17]" name="launchBrowser" is-config="true" duration-ms="1853" started-at="2021-08-27T12:14:00Z" finished-at="2021-08-27T12:14:02Z">
          <reporter-output>
          </reporter-output>
        </test-method> <!-- launchBrowser -->
        <test-method status="PASS" signature="logintoVtiger()[pri:0, instance:vtigerTestCases.ScriptWithBaseClass@6f1fba17]" name="logintoVtiger" is-config="true" duration-ms="2805" started-at="2021-08-27T12:14:02Z" finished-at="2021-08-27T12:14:05Z">
          <reporter-output>
          </reporter-output>
        </test-method> <!-- logintoVtiger -->
        <test-method status="FAIL" signature="createSales()[pri:0, instance:vtigerTestCases.ScriptWithBaseClass@6f1fba17]" name="createSales" duration-ms="30219" started-at="2021-08-27T12:14:05Z" finished-at="2021-08-27T12:14:35Z">
          <exception class="java.lang.AssertionError">
            <message>
              <![CDATA[expected [true] but found [false]]]>
            </message>
            <full-stacktrace>
              <![CDATA[java.lang.AssertionError: expected [true] but found [false]
	at org.testng.Assert.fail(Assert.java:94)
	at org.testng.Assert.failNotEquals(Assert.java:513)
	at org.testng.Assert.assertEqualsImpl(Assert.java:135)
	at org.testng.Assert.assertEquals(Assert.java:116)
	at org.testng.Assert.assertEquals(Assert.java:305)
	at org.testng.Assert.assertEquals(Assert.java:315)
	at vtigerTestCases.ScriptWithBaseClass.createSales(ScriptWithBaseClass.java:65)
	at sun.reflect.NativeMethodAccessorImpl.invoke0(Native Method)
	at sun.reflect.NativeMethodAccessorImpl.invoke(Unknown Source)
	at sun.reflect.DelegatingMethodAccessorImpl.invoke(Unknown Source)
	at java.lang.reflect.Method.invoke(Unknown Source)
	at org.testng.internal.MethodInvocationHelper.invokeMethod(MethodInvocationHelper.java:100)
	at org.testng.internal.Invoker.invokeMethod(Invoker.java:646)
	at org.testng.internal.Invoker.invokeTestMethod(Invoker.java:811)
	at org.testng.internal.Invoker.invokeTestMethods(Invoker.java:1137)
	at org.testng.internal.TestMethodWorker.invokeTestMethods(TestMethodWorker.java:129)
	at org.testng.internal.TestMethodWorker.run(TestMethodWorker.java:112)
	at org.testng.TestRunner.privateRun(TestRunner.java:753)
	at org.testng.TestRunner.run(TestRunner.java:607)
	at org.testng.SuiteRunner.runTest(SuiteRunner.java:368)
	at org.testng.SuiteRunner.runSequentially(SuiteRunner.java:363)
	at org.testng.SuiteRunner.privateRun(SuiteRunner.java:321)
	at org.testng.SuiteRunner.run(SuiteRunner.java:270)
	at org.testng.SuiteRunnerWorker.runSuite(SuiteRunnerWorker.java:52)
	at org.testng.SuiteRunnerWorker.run(SuiteRunnerWorker.java:86)
	at org.testng.TestNG.runSuitesSequentially(TestNG.java:1284)
	at org.testng.TestNG.runSuitesLocally(TestNG.java:1209)
	at org.testng.TestNG.runSuites(TestNG.java:1124)
	at org.testng.TestNG.run(TestNG.java:1096)
	at org.testng.remote.AbstractRemoteTestNG.run(AbstractRemoteTestNG.java:132)
	at org.testng.remote.RemoteTestNG.initAndRun(RemoteTestNG.java:236)
	at org.testng.remote.RemoteTestNG.main(RemoteTestNG.java:81)
]]>
            </full-stacktrace>
          </exception> <!-- java.lang.AssertionError -->
          <reporter-output>
          </reporter-output>
        </test-method> <!-- createSales -->
        <test-method status="PASS" signature="logoutVtiger()[pri:0, instance:vtigerTestCases.ScriptWithBaseClass@6f1fba17]" name="logoutVtiger" is-config="true" duration-ms="2008" started-at="2021-08-27T12:14:35Z" finished-at="2021-08-27T12:14:37Z">
          <reporter-output>
          </reporter-output>
        </test-method> <!-- logoutVtiger -->
        <test-method status="PASS" signature="closeBrowser()[pri:0, instance:vtigerTestCases.ScriptWithBaseClass@6f1fba17]" name="closeBrowser" is-config="true" duration-ms="91" started-at="2021-08-27T12:14:37Z" finished-at="2021-08-27T12:14:37Z">
          <reporter-output>
          </reporter-output>
        </test-method> <!-- closeBrowser -->
      </class> <!-- vtigerTestCases.ScriptWithBaseClass -->
    </test> <!-- Default test -->
  </suite> <!-- Default suite -->
</testng-results>
